
### Checking Hailo Firmware & Driver ###
A subcommand is required
Run with --help for more information.
========================================

### Listing Hailo Devices ###
A subcommand is required
Run with --help for more information.
========================================

### Running Hailo Benchmark ###
hef is required
Run with --help for more information.
========================================

### System Load BEFORE Hailo Benchmark ###
top - 22:33:30 up 0 min,  2 users,  load average: 0.31, 0.09, 0.03
Tasks: 198 total,   1 running, 197 sleeping,   0 stopped,   0 zombie
%Cpu(s):  0.0 us,  0.0 sy,  0.0 ni,100.0 id,  0.0 wa,  0.0 hi,  0.0 si,  0.0 st 
MiB Mem :  16220.1 total,  15756.2 free,    332.2 used,    229.3 buff/cache     
MiB Swap:    512.0 total,    512.0 free,      0.0 used.  15888.0 avail Mem 

    PID USER      PR  NI    VIRT    RES    SHR S  %CPU  %MEM     TIME+ COMMAND
    924 riku      20   0   17040   4608   2560 R   6.2   0.0   0:00.01 top
      1 root      20   0  169168  11168   8192 S   0.0   0.1   0:02.65 systemd
      2 root      20   0       0      0      0 S   0.0   0.0   0:00.00 kthreadd
      3 root      20   0       0      0      0 S   0.0   0.0   0:00.00 pool_wo+
      4 root       0 -20       0      0      0 I   0.0   0.0   0:00.00 kworker+
      5 root       0 -20       0      0      0 I   0.0   0.0   0:00.00 kworker+
      6 root       0 -20       0      0      0 I   0.0   0.0   0:00.00 kworker+
      7 root       0 -20       0      0      0 I   0.0   0.0   0:00.00 kworker+
      8 root      20   0       0      0      0 I   0.0   0.0   0:00.00 kworker+
      9 root       0 -20       0      0      0 I   0.0   0.0   0:00.00 kworker+
     10 root      20   0       0      0      0 I   0.0   0.0   0:00.00 kworker+
     11 root      20   0       0      0      0 I   0.0   0.0   0:00.00 kworker+
     12 root       0 -20       0      0      0 I   0.0   0.0   0:00.00 kworker+
========================================

### System Load AFTER Hailo Benchmark ###
top - 22:33:40 up 0 min,  2 users,  load average: 0.32, 0.10, 0.03
Tasks: 197 total,   1 running, 196 sleeping,   0 stopped,   0 zombie
%Cpu(s):  0.0 us,  0.0 sy,  0.0 ni,100.0 id,  0.0 wa,  0.0 hi,  0.0 si,  0.0 st 
MiB Mem :  16220.1 total,  15755.2 free,    325.4 used,    237.3 buff/cache     
MiB Swap:    512.0 total,    512.0 free,      0.0 used.  15894.8 avail Mem 

    PID USER      PR  NI    VIRT    RES    SHR S  %CPU  %MEM     TIME+ COMMAND
      1 root      20   0  169168  11168   8192 S   0.0   0.1   0:02.65 systemd
      2 root      20   0       0      0      0 S   0.0   0.0   0:00.00 kthreadd
      3 root      20   0       0      0      0 S   0.0   0.0   0:00.00 pool_wo+
      4 root       0 -20       0      0      0 I   0.0   0.0   0:00.00 kworker+
      5 root       0 -20       0      0      0 I   0.0   0.0   0:00.00 kworker+
      6 root       0 -20       0      0      0 I   0.0   0.0   0:00.00 kworker+
      7 root       0 -20       0      0      0 I   0.0   0.0   0:00.00 kworker+
      8 root      20   0       0      0      0 I   0.0   0.0   0:00.00 kworker+
      9 root       0 -20       0      0      0 I   0.0   0.0   0:00.00 kworker+
     10 root      20   0       0      0      0 I   0.0   0.0   0:00.00 kworker+
     11 root      20   0       0      0      0 I   0.0   0.0   0:00.00 kworker+
     12 root       0 -20       0      0      0 I   0.0   0.0   0:00.00 kworker+
     13 root      20   0       0      0      0 I   0.0   0.0   0:00.00 rcu_tas+
========================================

### Checking dmesg for Hailo Errors ###
[    6.163267] hailo: Init module. driver version 4.20.0
[    6.163356] hailo 0000:04:00.0: Probing on: 1e60:2864...
[    6.163360] hailo 0000:04:00.0: Probing: Allocate memory for device extension, 13184
[    6.163378] hailo 0000:04:00.0: enabling device (0000 -> 0002)
[    6.163385] hailo 0000:04:00.0: Probing: Device enabled
[    6.163400] hailo 0000:04:00.0: Probing: mapped bar 0 - 0000000072bade9f 16384
[    6.163406] hailo 0000:04:00.0: Probing: mapped bar 2 - 00000000d5f24bb1 4096
[    6.163410] hailo 0000:04:00.0: Probing: mapped bar 4 - 0000000068ff9ea2 16384
[    6.163414] hailo 0000:04:00.0: Probing: Force setting max_desc_page_size to 4096 (recommended value is 16384)
[    6.163423] hailo 0000:04:00.0: Probing: Enabled 64 bit dma
[    6.163426] hailo 0000:04:00.0: Probing: Using userspace allocated vdma buffers
[    6.163431] hailo 0000:04:00.0: Disabling ASPM L0s 
[    6.163435] hailo 0000:04:00.0: Successfully disabled ASPM L0s 
[    6.163522] hailo 0000:04:00.0: Writing file hailo/hailo8_fw.bin
[    6.368858] hailo 0000:04:00.0: File hailo/hailo8_fw.bin written successfully
[    6.368866] hailo 0000:04:00.0: Writing file hailo/hailo8_board_cfg.bin
[    6.368903] Failed to write file hailo/hailo8_board_cfg.bin
[    6.368905] hailo 0000:04:00.0: File hailo/hailo8_board_cfg.bin written successfully
[    6.368907] hailo 0000:04:00.0: Writing file hailo/hailo8_fw_cfg.bin
[    6.368918] Failed to write file hailo/hailo8_fw_cfg.bin
[    6.368920] hailo 0000:04:00.0: File hailo/hailo8_fw_cfg.bin written successfully
[    6.457806] hailo 0000:04:00.0: NNC Firmware loaded successfully
[    6.457813] hailo 0000:04:00.0: FW loaded, took 294 ms
[    6.468634] hailo 0000:04:00.0: Probing: Added board 1e60-2864, /dev/hailo0
========================================
