[2025-02-11 19:06:23.440] [1355] [HailoRT] [info] [device.cpp:49] [Device] OS Version: Linux 6.6.74+rpt-rpi-2712 #1 SMP PREEMPT Debian 1:6.6.74-1+rpt1 (2025-01-27) aarch64
[2025-02-11 19:06:23.446] [1355] [HailoRT] [info] [control.cpp:108] [control__parse_identify_results] firmware_version is: 4.20.0
[2025-02-11 19:06:23.448] [1355] [HailoRT] [info] [control.cpp:108] [control__parse_identify_results] firmware_version is: 4.20.0
[2025-02-11 19:57:11.953] [2058] [HailoRT] [info] [device.cpp:49] [Device] OS Version: Linux 6.6.74+rpt-rpi-2712 #1 SMP PREEMPT Debian 1:6.6.74-1+rpt1 (2025-01-27) aarch64
[2025-02-11 19:57:11.955] [2058] [HailoRT] [info] [control.cpp:108] [control__parse_identify_results] firmware_version is: 4.20.0
[2025-02-11 19:57:11.956] [2058] [HailoRT] [info] [control.cpp:108] [control__parse_identify_results] firmware_version is: 4.20.0
[2025-02-11 20:13:10.575] [2103] [HailoRT] [info] [device.cpp:49] [Device] OS Version: Linux 6.6.74+rpt-rpi-2712 #1 SMP PREEMPT Debian 1:6.6.74-1+rpt1 (2025-01-27) aarch64
[2025-02-11 20:13:10.577] [2103] [HailoRT] [info] [control.cpp:108] [control__parse_identify_results] firmware_version is: 4.20.0
[2025-02-11 20:13:10.578] [2103] [HailoRT] [info] [control.cpp:108] [control__parse_identify_results] firmware_version is: 4.20.0
[2025-02-11 22:25:56.273] [1141] [HailoRT] [info] [device.cpp:49] [Device] OS Version: Linux 6.6.74+rpt-rpi-2712 #1 SMP PREEMPT Debian 1:6.6.74-1+rpt1 (2025-01-27) aarch64
[2025-02-11 22:25:56.277] [1141] [HailoRT] [info] [control.cpp:108] [control__parse_identify_results] firmware_version is: 4.20.0
[2025-02-11 22:25:56.278] [1141] [HailoRT] [info] [control.cpp:108] [control__parse_identify_results] firmware_version is: 4.20.0
[2025-02-11 23:16:31.723] [4884] [HailoRT] [info] [vdevice.cpp:523] [create] Creating vdevice with params: device_count: 1, scheduling_algorithm: NONE, multi_process_service: false
[2025-02-11 23:16:31.744] [4884] [HailoRT] [info] [device.cpp:49] [Device] OS Version: Linux 6.6.74+rpt-rpi-2712 #1 SMP PREEMPT Debian 1:6.6.74-1+rpt1 (2025-01-27) aarch64
[2025-02-11 23:16:31.746] [4884] [HailoRT] [info] [control.cpp:108] [control__parse_identify_results] firmware_version is: 4.20.0
[2025-02-11 23:16:31.746] [4884] [HailoRT] [info] [vdevice.cpp:651] [create] VDevice Infos: 0000:04:00.0
[2025-02-11 23:16:31.746] [4884] [HailoRT] [error] [device_internal.cpp:602] [check_hef_is_compatible] HEF format is not compatible with device. Device arch: HAILO8L, HEF arch: HAILO8
[2025-02-11 23:16:31.748] [4884] [HailoRT] [error] [vdevice.cpp:850] [create_local_config_params] CHECK_SUCCESS failed with status=HAILO_INVALID_HEF(26)
[2025-02-11 23:16:31.748] [4884] [HailoRT] [error] [vdevice.cpp:693] [configure] CHECK_SUCCESS failed with status=HAILO_INVALID_HEF(26)
[2025-02-11 23:19:31.624] [4911] [HailoRT] [info] [vdevice.cpp:523] [create] Creating vdevice with params: device_count: 1, scheduling_algorithm: NONE, multi_process_service: false
[2025-02-11 23:19:31.637] [4911] [HailoRT] [info] [device.cpp:49] [Device] OS Version: Linux 6.6.74+rpt-rpi-2712 #1 SMP PREEMPT Debian 1:6.6.74-1+rpt1 (2025-01-27) aarch64
[2025-02-11 23:19:31.638] [4911] [HailoRT] [info] [control.cpp:108] [control__parse_identify_results] firmware_version is: 4.20.0
[2025-02-11 23:19:31.638] [4911] [HailoRT] [info] [vdevice.cpp:651] [create] VDevice Infos: 0000:04:00.0
[2025-02-11 23:19:31.638] [4911] [HailoRT] [error] [device_internal.cpp:602] [check_hef_is_compatible] HEF format is not compatible with device. Device arch: HAILO8L, HEF arch: HAILO8
[2025-02-11 23:19:31.638] [4911] [HailoRT] [error] [vdevice.cpp:850] [create_local_config_params] CHECK_SUCCESS failed with status=HAILO_INVALID_HEF(26)
[2025-02-11 23:19:31.638] [4911] [HailoRT] [error] [vdevice.cpp:693] [configure] CHECK_SUCCESS failed with status=HAILO_INVALID_HEF(26)
[2025-02-11 23:22:34.758] [4931] [HailoRT] [info] [vdevice.cpp:523] [create] Creating vdevice with params: device_count: 1, scheduling_algorithm: NONE, multi_process_service: false
[2025-02-11 23:22:34.769] [4931] [HailoRT] [info] [device.cpp:49] [Device] OS Version: Linux 6.6.74+rpt-rpi-2712 #1 SMP PREEMPT Debian 1:6.6.74-1+rpt1 (2025-01-27) aarch64
[2025-02-11 23:22:34.771] [4931] [HailoRT] [info] [control.cpp:108] [control__parse_identify_results] firmware_version is: 4.20.0
[2025-02-11 23:22:34.771] [4931] [HailoRT] [info] [vdevice.cpp:651] [create] VDevice Infos: 0000:04:00.0
[2025-02-11 23:22:34.771] [4931] [HailoRT] [error] [device_internal.cpp:602] [check_hef_is_compatible] HEF format is not compatible with device. Device arch: HAILO8L, HEF arch: HAILO8
[2025-02-11 23:22:34.771] [4931] [HailoRT] [error] [vdevice.cpp:850] [create_local_config_params] CHECK_SUCCESS failed with status=HAILO_INVALID_HEF(26)
[2025-02-11 23:22:34.771] [4931] [HailoRT] [error] [vdevice.cpp:693] [configure] CHECK_SUCCESS failed with status=HAILO_INVALID_HEF(26)
[2025-02-11 23:26:25.876] [4954] [HailoRT] [info] [vdevice.cpp:523] [create] Creating vdevice with params: device_count: 1, scheduling_algorithm: NONE, multi_process_service: false
[2025-02-11 23:26:25.889] [4954] [HailoRT] [info] [device.cpp:49] [Device] OS Version: Linux 6.6.74+rpt-rpi-2712 #1 SMP PREEMPT Debian 1:6.6.74-1+rpt1 (2025-01-27) aarch64
[2025-02-11 23:26:25.890] [4954] [HailoRT] [info] [control.cpp:108] [control__parse_identify_results] firmware_version is: 4.20.0
[2025-02-11 23:26:25.890] [4954] [HailoRT] [info] [vdevice.cpp:651] [create] VDevice Infos: 0000:04:00.0
[2025-02-11 23:26:25.902] [4954] [HailoRT] [info] [internal_buffer_manager.cpp:204] [print_execution_results] Planned internal buffer memory: CMA memory 0, user memory 3689472. memory to edge layer usage factor is 0.7226958
[2025-02-11 23:26:25.902] [4954] [HailoRT] [info] [internal_buffer_manager.cpp:212] [print_execution_results] Default Internal buffer planner executed successfully
[2025-02-11 23:26:25.928] [4954] [HailoRT] [info] [device_internal.cpp:57] [configure] Configuring HEF took 37.252165 milliseconds
[2025-02-11 23:26:25.928] [4954] [HailoRT] [info] [vdevice.cpp:749] [configure] Configuring HEF on VDevice took 38.031461 milliseconds
[2025-02-11 23:26:25.930] [4954] [HailoRT] [info] [control.cpp:108] [control__parse_identify_results] firmware_version is: 4.20.0
[2025-02-11 23:26:25.931] [4954] [HailoRT] [info] [control.cpp:108] [control__parse_identify_results] firmware_version is: 4.20.0
[2025-02-11 23:26:25.931] [4954] [HailoRT] [info] [core_op.cpp:156] [activate] Activating yolov5m_wo_spp_60p took 0.612147 milliseconds. Note that the function is asynchronous and thus the network is not fully activated yet.
[2025-02-11 23:26:25.931] [4954] [HailoRT] [info] [core_op.cpp:156] [activate] Activating yolov5m_wo_spp_60p took 0.625981 milliseconds. Note that the function is asynchronous and thus the network is not fully activated yet.
[2025-02-11 23:26:25.950] [4954] [HailoRT] [info] [control.cpp:108] [control__parse_identify_results] firmware_version is: 4.20.0
[2025-02-11 23:26:25.951] [4954] [HailoRT] [info] [control.cpp:108] [control__parse_identify_results] firmware_version is: 4.20.0
[2025-02-11 23:26:40.951] [4972] [HailoRT] [info] [vdevice_native_stream.cpp:331] [read_impl] Failed read from stream HAILO_STREAM_ABORT(63) (device: 0000:04:00.0)
[2025-02-11 23:26:40.951] [4975] [HailoRT] [info] [vdevice_native_stream.cpp:142] [write_impl] Failed write to stream yolov5m_wo_spp_60p/input_layer1 (device: 0000:04:00.0) with status=HAILO_STREAM_ABORT(63)
[2025-02-11 23:26:40.951] [4973] [HailoRT] [info] [vdevice_native_stream.cpp:331] [read_impl] Failed read from stream HAILO_STREAM_ABORT(63) (device: 0000:04:00.0)
[2025-02-11 23:26:40.951] [4974] [HailoRT] [info] [vdevice_native_stream.cpp:331] [read_impl] Failed read from stream HAILO_STREAM_ABORT(63) (device: 0000:04:00.0)
[2025-02-11 23:26:40.958] [4954] [HailoRT] [info] [core_op.cpp:186] [deactivate] Deactivating took 0.006037 ms
[2025-02-11 23:26:40.958] [4954] [HailoRT] [info] [core_op.cpp:186] [deactivate] Deactivating took 0.02463 ms
[2025-02-11 23:26:41.212] [4954] [HailoRT] [info] [vdevice.cpp:523] [create] Creating vdevice with params: device_count: 1, scheduling_algorithm: NONE, multi_process_service: false
[2025-02-11 23:26:41.225] [4954] [HailoRT] [info] [device.cpp:49] [Device] OS Version: Linux 6.6.74+rpt-rpi-2712 #1 SMP PREEMPT Debian 1:6.6.74-1+rpt1 (2025-01-27) aarch64
[2025-02-11 23:26:41.226] [4954] [HailoRT] [info] [control.cpp:108] [control__parse_identify_results] firmware_version is: 4.20.0
[2025-02-11 23:26:41.226] [4954] [HailoRT] [info] [vdevice.cpp:651] [create] VDevice Infos: 0000:04:00.0
[2025-02-11 23:26:41.232] [4954] [HailoRT] [info] [internal_buffer_manager.cpp:204] [print_execution_results] Planned internal buffer memory: CMA memory 0, user memory 3689472. memory to edge layer usage factor is 0.7226958
[2025-02-11 23:26:41.232] [4954] [HailoRT] [info] [internal_buffer_manager.cpp:212] [print_execution_results] Default Internal buffer planner executed successfully
[2025-02-11 23:26:41.258] [4954] [HailoRT] [info] [device_internal.cpp:57] [configure] Configuring HEF took 31.312802 milliseconds
[2025-02-11 23:26:41.258] [4954] [HailoRT] [info] [vdevice.cpp:749] [configure] Configuring HEF on VDevice took 31.667932 milliseconds
[2025-02-11 23:26:41.259] [4954] [HailoRT] [info] [control.cpp:108] [control__parse_identify_results] firmware_version is: 4.20.0
[2025-02-11 23:26:41.260] [4954] [HailoRT] [info] [control.cpp:108] [control__parse_identify_results] firmware_version is: 4.20.0
[2025-02-11 23:26:41.261] [4954] [HailoRT] [info] [core_op.cpp:156] [activate] Activating yolov5m_wo_spp_60p took 0.591703 milliseconds. Note that the function is asynchronous and thus the network is not fully activated yet.
[2025-02-11 23:26:41.261] [4954] [HailoRT] [info] [core_op.cpp:156] [activate] Activating yolov5m_wo_spp_60p took 0.602463 milliseconds. Note that the function is asynchronous and thus the network is not fully activated yet.
[2025-02-11 23:26:41.279] [4954] [HailoRT] [info] [control.cpp:108] [control__parse_identify_results] firmware_version is: 4.20.0
[2025-02-11 23:26:41.280] [4954] [HailoRT] [info] [control.cpp:108] [control__parse_identify_results] firmware_version is: 4.20.0
[2025-02-11 23:26:41.280] [4954] [HailoRT] [info] [edge_elements.cpp:52] [create] Created (HwWriteEl3yolov5m_wo_spp_60p/input_layer1 | hw_frame_size: 1228800)
[2025-02-11 23:26:41.282] [4954] [HailoRT] [info] [queue_elements.cpp:284] [create] Created (PushQEl3yolov5m_wo_spp_60p/input_layer1 | timeout: 10s)
[2025-02-11 23:26:41.282] [4954] [HailoRT] [info] [filter_elements.cpp:101] [create] Created (PreInferEl3yolov5m_wo_spp_60p/input_layer1 | Reorder - src_order: NHWC, src_shape: (640, 640, 3), dst_order: NHCW, dst_shape: (640, 640, 3))
[2025-02-11 23:26:41.282] [4954] [HailoRT] [info] [vstream.cpp:754] [InputVStreamImpl] Creating yolov5m_wo_spp_60p/input_layer1...
[2025-02-11 23:26:41.282] [4954] [HailoRT] [info] [vstream_builder.cpp:102] [create_inputs] Input pipeline 'yolov5m_wo_spp_60p/input_layer1': (PreInferEl3yolov5m_wo_spp_60p/input_layer1 | Reorder - src_order: NHWC, src_shape: (640, 640, 3), dst_order: NHCW, dst_shape: (640, 640, 3)) >> (PushQEl3yolov5m_wo_spp_60p/input_layer1 | timeout: 10s) >> (HwWriteEl3yolov5m_wo_spp_60p/input_layer1 | hw_frame_size: 1228800) >> HW
[2025-02-11 23:26:41.282] [4954] [HailoRT] [info] [multi_io_elements.cpp:135] [create] Created (NmsPPMuxEl0YOLOv5-Post-Process | Op YOLOV5, Name: YOLOv5-Post-Process, Score threshold: 0.200, IoU threshold: 0.60, Classes: 80, Cross classes: false, NMS results order: BY_CLASS, Max bboxes per class: 80, Image height: 640, Image width: 640)
[2025-02-11 23:26:41.282] [4954] [HailoRT] [info] [edge_elements.cpp:287] [create] Created (HwReadEl2yolov5m_wo_spp_60p/conv74_132 | hw_frame_size: 1632000)
[2025-02-11 23:26:41.283] [4954] [HailoRT] [info] [queue_elements.cpp:657] [create] Created (PullQEl_nms2yolov5m_wo_spp_60p/conv74_132 | timeout: 10s)
[2025-02-11 23:26:41.283] [4954] [HailoRT] [info] [edge_elements.cpp:287] [create] Created (HwReadEl0yolov5m_wo_spp_60p/conv84_132 | hw_frame_size: 408000)
[2025-02-11 23:26:41.283] [4954] [HailoRT] [info] [queue_elements.cpp:657] [create] Created (PullQEl_nms0yolov5m_wo_spp_60p/conv84_132 | timeout: 10s)
[2025-02-11 23:26:41.283] [4954] [HailoRT] [info] [edge_elements.cpp:287] [create] Created (HwReadEl1yolov5m_wo_spp_60p/conv93_132 | hw_frame_size: 122400)
[2025-02-11 23:26:41.283] [4954] [HailoRT] [info] [queue_elements.cpp:657] [create] Created (PullQEl_nms1yolov5m_wo_spp_60p/conv93_132 | timeout: 10s)
[2025-02-11 23:26:41.283] [4954] [HailoRT] [info] [queue_elements.cpp:800] [create] Created (UserBufQEl_post_infer0yolov5m_wo_spp_60p/yolov5_nms_postprocess | timeout: 10s)
[2025-02-11 23:26:41.283] [4954] [HailoRT] [info] [vstream.cpp:1114] [OutputVStreamImpl] Creating yolov5m_wo_spp_60p/yolov5_nms_postprocess...
[2025-02-11 23:26:41.283] [4954] [HailoRT] [info] [vstream_builder.cpp:622] [create_output_post_process_nms] Output pipeline 'yolov5m_wo_spp_60p/yolov5_nms_postprocess': HW >> (HwReadEl2yolov5m_wo_spp_60p/conv74_132 | hw_frame_size: 1632000) >> (PullQEl_nms2yolov5m_wo_spp_60p/conv74_132) >> (HwReadEl0yolov5m_wo_spp_60p/conv84_132 | hw_frame_size: 408000) >> (PullQEl_nms0yolov5m_wo_spp_60p/conv84_132) >> (HwReadEl1yolov5m_wo_spp_60p/conv93_132 | hw_frame_size: 122400) >> (PullQEl_nms1yolov5m_wo_spp_60p/conv93_132) >> (NmsPPMuxEl0YOLOv5-Post-Process | Op YOLOV5, Name: YOLOv5-Post-Process, Score threshold: 0.200, IoU threshold: 0.60, Classes: 80, Cross classes: false, NMS results order: BY_CLASS, Max bboxes per class: 80, Image height: 640, Image width: 640) >> (UserBufQEl_post_infer0yolov5m_wo_spp_60p/yolov5_nms_postprocess | timeout: 10s)
[2025-02-11 23:26:56.283] [4993] [HailoRT] [info] [vdevice_native_stream.cpp:331] [read_impl] Failed read from stream HAILO_STREAM_ABORT(63) (device: 0000:04:00.0)
[2025-02-11 23:26:56.283] [4993] [HailoRT] [info] [edge_elements.cpp:396] [run_pull] Reading from stream was aborted!
[2025-02-11 23:26:56.283] [4992] [HailoRT] [info] [vdevice_native_stream.cpp:331] [read_impl] Failed read from stream HAILO_STREAM_ABORT(63) (device: 0000:04:00.0)
[2025-02-11 23:26:56.283] [4993] [HailoRT] [info] [queue_elements.cpp:738] [run_in_thread] run_pull of queue element PullQEl_nms0yolov5m_wo_spp_60p/conv84_132 was aborted!
[2025-02-11 23:26:56.283] [4992] [HailoRT] [info] [edge_elements.cpp:396] [run_pull] Reading from stream was aborted!
[2025-02-11 23:26:56.283] [4992] [HailoRT] [info] [queue_elements.cpp:738] [run_in_thread] run_pull of queue element PullQEl_nms2yolov5m_wo_spp_60p/conv74_132 was aborted!
[2025-02-11 23:26:56.283] [4994] [HailoRT] [info] [vdevice_native_stream.cpp:331] [read_impl] Failed read from stream HAILO_STREAM_ABORT(63) (device: 0000:04:00.0)
[2025-02-11 23:26:56.283] [4994] [HailoRT] [info] [edge_elements.cpp:396] [run_pull] Reading from stream was aborted!
[2025-02-11 23:26:56.283] [4991] [HailoRT] [info] [vdevice_native_stream.cpp:142] [write_impl] Failed write to stream yolov5m_wo_spp_60p/input_layer1 (device: 0000:04:00.0) with status=HAILO_STREAM_ABORT(63)
[2025-02-11 23:26:56.283] [4994] [HailoRT] [info] [queue_elements.cpp:738] [run_in_thread] run_pull of queue element PullQEl_nms1yolov5m_wo_spp_60p/conv93_132 was aborted!
[2025-02-11 23:26:56.283] [4991] [HailoRT] [info] [edge_elements.cpp:87] [run_push] Failed to send on input stream InputStream(index=3, name=yolov5m_wo_spp_60p/input_layer1) because stream was aborted
[2025-02-11 23:26:56.283] [4998] [HailoRT] [info] [queue_elements.cpp:706] [run_pull] Shutdown event was signaled in dequeue of queue element PullQEl_nms2yolov5m_wo_spp_60p/conv74_132!
[2025-02-11 23:26:56.283] [4998] [HailoRT] [info] [vstream.cpp:1138] [read] Receiving to VStream was shutdown!
[2025-02-11 23:26:56.283] [4991] [HailoRT] [info] [queue_elements.cpp:401] [run_in_thread] run_push of PushQEl3yolov5m_wo_spp_60p/input_layer1 was aborted!
[2025-02-11 23:26:56.285] [4999] [HailoRT] [info] [queue_elements.cpp:319] [run_push] run_push of PushQEl3yolov5m_wo_spp_60p/input_layer1 was aborted!
[2025-02-11 23:26:56.285] [4999] [HailoRT] [info] [filter_elements.cpp:35] [run_push] run_push of PreInferEl3yolov5m_wo_spp_60p/input_layer1 was aborted!
[2025-02-11 23:26:56.285] [4999] [HailoRT] [info] [vstream.cpp:778] [write] Sending to VStream was aborted!
[2025-02-11 23:26:56.285] [4954] [HailoRT] [info] [queue_elements.cpp:360] [execute_deactivate] enqueue() in element PushQEl3yolov5m_wo_spp_60p/input_layer1 was aborted, got status = HAILO_SHUTDOWN_EVENT_SIGNALED(57)
[2025-02-11 23:26:56.285] [4991] [HailoRT] [info] [queue_elements.cpp:68] [operator()] Thread in element PushQEl3yolov5m_wo_spp_60p/input_layer1 is not running anymore, exiting..
[2025-02-11 23:26:56.285] [4954] [HailoRT] [info] [queue_elements.cpp:46] [~BaseQueueElement] Queue element PushQEl3yolov5m_wo_spp_60p/input_layer1 has 1 frames in his Queue on destruction
[2025-02-11 23:26:56.285] [4995] [HailoRT] [info] [queue_elements.cpp:68] [operator()] Thread in element UserBufQEl_post_infer0yolov5m_wo_spp_60p/yolov5_nms_postprocess is not running anymore, exiting..
[2025-02-11 23:26:56.285] [4954] [HailoRT] [info] [queue_elements.cpp:46] [~BaseQueueElement] Queue element UserBufQEl_post_infer0yolov5m_wo_spp_60p/yolov5_nms_postprocess has 0 frames in his Queue on destruction
[2025-02-11 23:26:56.285] [4994] [HailoRT] [info] [queue_elements.cpp:68] [operator()] Thread in element PullQEl_nms1yolov5m_wo_spp_60p/conv93_132 is not running anymore, exiting..
[2025-02-11 23:26:56.285] [4954] [HailoRT] [info] [queue_elements.cpp:46] [~BaseQueueElement] Queue element PullQEl_nms1yolov5m_wo_spp_60p/conv93_132 has 0 frames in his Queue on destruction
[2025-02-11 23:26:56.285] [4993] [HailoRT] [info] [queue_elements.cpp:68] [operator()] Thread in element PullQEl_nms0yolov5m_wo_spp_60p/conv84_132 is not running anymore, exiting..
[2025-02-11 23:26:56.285] [4954] [HailoRT] [info] [queue_elements.cpp:46] [~BaseQueueElement] Queue element PullQEl_nms0yolov5m_wo_spp_60p/conv84_132 has 0 frames in his Queue on destruction
[2025-02-11 23:26:56.285] [4992] [HailoRT] [info] [queue_elements.cpp:68] [operator()] Thread in element PullQEl_nms2yolov5m_wo_spp_60p/conv74_132 is not running anymore, exiting..
[2025-02-11 23:26:56.285] [4954] [HailoRT] [info] [queue_elements.cpp:46] [~BaseQueueElement] Queue element PullQEl_nms2yolov5m_wo_spp_60p/conv74_132 has 0 frames in his Queue on destruction
[2025-02-11 23:26:56.286] [4954] [HailoRT] [info] [core_op.cpp:186] [deactivate] Deactivating took 0.006222 ms
[2025-02-11 23:26:56.286] [4954] [HailoRT] [info] [core_op.cpp:186] [deactivate] Deactivating took 0.017315 ms
[2025-02-11 23:26:56.520] [4954] [HailoRT] [info] [vdevice.cpp:523] [create] Creating vdevice with params: device_count: 1, scheduling_algorithm: NONE, multi_process_service: false
[2025-02-11 23:26:56.532] [4954] [HailoRT] [info] [device.cpp:49] [Device] OS Version: Linux 6.6.74+rpt-rpi-2712 #1 SMP PREEMPT Debian 1:6.6.74-1+rpt1 (2025-01-27) aarch64
[2025-02-11 23:26:56.533] [4954] [HailoRT] [info] [control.cpp:108] [control__parse_identify_results] firmware_version is: 4.20.0
[2025-02-11 23:26:56.533] [4954] [HailoRT] [info] [vdevice.cpp:651] [create] VDevice Infos: 0000:04:00.0
[2025-02-11 23:26:56.540] [4954] [HailoRT] [info] [internal_buffer_manager.cpp:204] [print_execution_results] Planned internal buffer memory: CMA memory 0, user memory 3689472. memory to edge layer usage factor is 0.7226958
[2025-02-11 23:26:56.540] [4954] [HailoRT] [info] [internal_buffer_manager.cpp:212] [print_execution_results] Default Internal buffer planner executed successfully
[2025-02-11 23:26:56.565] [4954] [HailoRT] [info] [device_internal.cpp:57] [configure] Configuring HEF took 31.331619 milliseconds
[2025-02-11 23:26:56.565] [4954] [HailoRT] [info] [vdevice.cpp:749] [configure] Configuring HEF on VDevice took 31.6871 milliseconds
[2025-02-11 23:26:56.567] [4954] [HailoRT] [info] [control.cpp:108] [control__parse_identify_results] firmware_version is: 4.20.0
[2025-02-11 23:26:56.568] [4954] [HailoRT] [info] [control.cpp:108] [control__parse_identify_results] firmware_version is: 4.20.0
[2025-02-11 23:26:56.569] [4954] [HailoRT] [info] [core_op.cpp:156] [activate] Activating yolov5m_wo_spp_60p took 0.62461 milliseconds. Note that the function is asynchronous and thus the network is not fully activated yet.
[2025-02-11 23:26:56.569] [4954] [HailoRT] [info] [core_op.cpp:156] [activate] Activating yolov5m_wo_spp_60p took 0.634351 milliseconds. Note that the function is asynchronous and thus the network is not fully activated yet.
[2025-02-11 23:26:56.587] [4954] [HailoRT] [info] [control.cpp:108] [control__parse_identify_results] firmware_version is: 4.20.0
[2025-02-11 23:26:56.588] [4954] [HailoRT] [info] [control.cpp:108] [control__parse_identify_results] firmware_version is: 4.20.0
[2025-02-11 23:26:56.588] [4954] [HailoRT] [info] [edge_elements.cpp:52] [create] Created (HwWriteEl3yolov5m_wo_spp_60p/input_layer1 | hw_frame_size: 1228800)
[2025-02-11 23:26:56.588] [4954] [HailoRT] [info] [queue_elements.cpp:284] [create] Created (PushQEl3yolov5m_wo_spp_60p/input_layer1 | timeout: 10s)
[2025-02-11 23:26:56.588] [4954] [HailoRT] [info] [filter_elements.cpp:101] [create] Created (PreInferEl3yolov5m_wo_spp_60p/input_layer1 | Reorder - src_order: NHWC, src_shape: (640, 640, 3), dst_order: NHCW, dst_shape: (640, 640, 3))
[2025-02-11 23:26:56.588] [4954] [HailoRT] [info] [vstream.cpp:754] [InputVStreamImpl] Creating yolov5m_wo_spp_60p/input_layer1...
[2025-02-11 23:26:56.588] [4954] [HailoRT] [info] [vstream_builder.cpp:102] [create_inputs] Input pipeline 'yolov5m_wo_spp_60p/input_layer1': (PreInferEl3yolov5m_wo_spp_60p/input_layer1 | Reorder - src_order: NHWC, src_shape: (640, 640, 3), dst_order: NHCW, dst_shape: (640, 640, 3)) >> (PushQEl3yolov5m_wo_spp_60p/input_layer1 | timeout: 10s) >> (HwWriteEl3yolov5m_wo_spp_60p/input_layer1 | hw_frame_size: 1228800) >> HW
[2025-02-11 23:26:56.588] [4954] [HailoRT] [info] [multi_io_elements.cpp:135] [create] Created (NmsPPMuxEl0YOLOv5-Post-Process | Op YOLOV5, Name: YOLOv5-Post-Process, Score threshold: 0.200, IoU threshold: 0.60, Classes: 80, Cross classes: false, NMS results order: BY_CLASS, Max bboxes per class: 80, Image height: 640, Image width: 640)
[2025-02-11 23:26:56.588] [4954] [HailoRT] [info] [edge_elements.cpp:287] [create] Created (HwReadEl2yolov5m_wo_spp_60p/conv74_132 | hw_frame_size: 1632000)
[2025-02-11 23:26:56.588] [4954] [HailoRT] [info] [queue_elements.cpp:657] [create] Created (PullQEl_nms2yolov5m_wo_spp_60p/conv74_132 | timeout: 10s)
[2025-02-11 23:26:56.588] [4954] [HailoRT] [info] [edge_elements.cpp:287] [create] Created (HwReadEl0yolov5m_wo_spp_60p/conv84_132 | hw_frame_size: 408000)
[2025-02-11 23:26:56.588] [4954] [HailoRT] [info] [queue_elements.cpp:657] [create] Created (PullQEl_nms0yolov5m_wo_spp_60p/conv84_132 | timeout: 10s)
[2025-02-11 23:26:56.588] [4954] [HailoRT] [info] [edge_elements.cpp:287] [create] Created (HwReadEl1yolov5m_wo_spp_60p/conv93_132 | hw_frame_size: 122400)
[2025-02-11 23:26:56.588] [4954] [HailoRT] [info] [queue_elements.cpp:657] [create] Created (PullQEl_nms1yolov5m_wo_spp_60p/conv93_132 | timeout: 10s)
[2025-02-11 23:26:56.589] [4954] [HailoRT] [info] [queue_elements.cpp:800] [create] Created (UserBufQEl_post_infer0yolov5m_wo_spp_60p/yolov5_nms_postprocess | timeout: 10s)
[2025-02-11 23:26:56.589] [4954] [HailoRT] [info] [vstream.cpp:1114] [OutputVStreamImpl] Creating yolov5m_wo_spp_60p/yolov5_nms_postprocess...
[2025-02-11 23:26:56.589] [4954] [HailoRT] [info] [vstream_builder.cpp:622] [create_output_post_process_nms] Output pipeline 'yolov5m_wo_spp_60p/yolov5_nms_postprocess': HW >> (HwReadEl2yolov5m_wo_spp_60p/conv74_132 | hw_frame_size: 1632000) >> (PullQEl_nms2yolov5m_wo_spp_60p/conv74_132) >> (HwReadEl0yolov5m_wo_spp_60p/conv84_132 | hw_frame_size: 408000) >> (PullQEl_nms0yolov5m_wo_spp_60p/conv84_132) >> (HwReadEl1yolov5m_wo_spp_60p/conv93_132 | hw_frame_size: 122400) >> (PullQEl_nms1yolov5m_wo_spp_60p/conv93_132) >> (NmsPPMuxEl0YOLOv5-Post-Process | Op YOLOV5, Name: YOLOv5-Post-Process, Score threshold: 0.200, IoU threshold: 0.60, Classes: 80, Cross classes: false, NMS results order: BY_CLASS, Max bboxes per class: 80, Image height: 640, Image width: 640) >> (UserBufQEl_post_infer0yolov5m_wo_spp_60p/yolov5_nms_postprocess | timeout: 10s)
[2025-02-11 23:27:11.589] [5016] [HailoRT] [info] [vdevice_native_stream.cpp:331] [read_impl] Failed read from stream HAILO_STREAM_ABORT(63) (device: 0000:04:00.0)
[2025-02-11 23:27:11.589] [5016] [HailoRT] [info] [edge_elements.cpp:396] [run_pull] Reading from stream was aborted!
[2025-02-11 23:27:11.589] [5016] [HailoRT] [info] [queue_elements.cpp:738] [run_in_thread] run_pull of queue element PullQEl_nms2yolov5m_wo_spp_60p/conv74_132 was aborted!
[2025-02-11 23:27:11.589] [5017] [HailoRT] [info] [vdevice_native_stream.cpp:331] [read_impl] Failed read from stream HAILO_STREAM_ABORT(63) (device: 0000:04:00.0)
[2025-02-11 23:27:11.589] [5017] [HailoRT] [info] [edge_elements.cpp:396] [run_pull] Reading from stream was aborted!
[2025-02-11 23:27:11.589] [5017] [HailoRT] [info] [queue_elements.cpp:738] [run_in_thread] run_pull of queue element PullQEl_nms0yolov5m_wo_spp_60p/conv84_132 was aborted!
[2025-02-11 23:27:11.589] [5018] [HailoRT] [info] [vdevice_native_stream.cpp:331] [read_impl] Failed read from stream HAILO_STREAM_ABORT(63) (device: 0000:04:00.0)
[2025-02-11 23:27:11.589] [5018] [HailoRT] [info] [edge_elements.cpp:396] [run_pull] Reading from stream was aborted!
[2025-02-11 23:27:11.589] [5018] [HailoRT] [info] [queue_elements.cpp:738] [run_in_thread] run_pull of queue element PullQEl_nms1yolov5m_wo_spp_60p/conv93_132 was aborted!
[2025-02-11 23:27:11.589] [5022] [HailoRT] [info] [queue_elements.cpp:706] [run_pull] Shutdown event was signaled in dequeue of queue element PullQEl_nms2yolov5m_wo_spp_60p/conv74_132!
[2025-02-11 23:27:11.589] [5022] [HailoRT] [info] [vstream.cpp:1138] [read] Receiving to VStream was shutdown!
[2025-02-11 23:27:11.591] [5015] [HailoRT] [info] [vdevice_native_stream.cpp:142] [write_impl] Failed write to stream yolov5m_wo_spp_60p/input_layer1 (device: 0000:04:00.0) with status=HAILO_STREAM_ABORT(63)
[2025-02-11 23:27:11.591] [5015] [HailoRT] [info] [edge_elements.cpp:87] [run_push] Failed to send on input stream InputStream(index=3, name=yolov5m_wo_spp_60p/input_layer1) because stream was aborted
[2025-02-11 23:27:11.591] [5015] [HailoRT] [info] [queue_elements.cpp:401] [run_in_thread] run_push of PushQEl3yolov5m_wo_spp_60p/input_layer1 was aborted!
[2025-02-11 23:27:11.592] [5023] [HailoRT] [info] [queue_elements.cpp:319] [run_push] run_push of PushQEl3yolov5m_wo_spp_60p/input_layer1 was aborted!
[2025-02-11 23:27:11.592] [5023] [HailoRT] [info] [filter_elements.cpp:35] [run_push] run_push of PreInferEl3yolov5m_wo_spp_60p/input_layer1 was aborted!
[2025-02-11 23:27:11.592] [5023] [HailoRT] [info] [vstream.cpp:778] [write] Sending to VStream was aborted!
[2025-02-11 23:27:11.595] [4954] [HailoRT] [info] [queue_elements.cpp:360] [execute_deactivate] enqueue() in element PushQEl3yolov5m_wo_spp_60p/input_layer1 was aborted, got status = HAILO_SHUTDOWN_EVENT_SIGNALED(57)
[2025-02-11 23:27:11.595] [5015] [HailoRT] [info] [queue_elements.cpp:68] [operator()] Thread in element PushQEl3yolov5m_wo_spp_60p/input_layer1 is not running anymore, exiting..
[2025-02-11 23:27:11.595] [4954] [HailoRT] [info] [queue_elements.cpp:46] [~BaseQueueElement] Queue element PushQEl3yolov5m_wo_spp_60p/input_layer1 has 0 frames in his Queue on destruction
[2025-02-11 23:27:11.595] [5019] [HailoRT] [info] [queue_elements.cpp:68] [operator()] Thread in element UserBufQEl_post_infer0yolov5m_wo_spp_60p/yolov5_nms_postprocess is not running anymore, exiting..
[2025-02-11 23:27:11.595] [4954] [HailoRT] [info] [queue_elements.cpp:46] [~BaseQueueElement] Queue element UserBufQEl_post_infer0yolov5m_wo_spp_60p/yolov5_nms_postprocess has 0 frames in his Queue on destruction
[2025-02-11 23:27:11.595] [5018] [HailoRT] [info] [queue_elements.cpp:68] [operator()] Thread in element PullQEl_nms1yolov5m_wo_spp_60p/conv93_132 is not running anymore, exiting..
[2025-02-11 23:27:11.595] [4954] [HailoRT] [info] [queue_elements.cpp:46] [~BaseQueueElement] Queue element PullQEl_nms1yolov5m_wo_spp_60p/conv93_132 has 0 frames in his Queue on destruction
[2025-02-11 23:27:11.595] [5017] [HailoRT] [info] [queue_elements.cpp:68] [operator()] Thread in element PullQEl_nms0yolov5m_wo_spp_60p/conv84_132 is not running anymore, exiting..
[2025-02-11 23:27:11.596] [4954] [HailoRT] [info] [queue_elements.cpp:46] [~BaseQueueElement] Queue element PullQEl_nms0yolov5m_wo_spp_60p/conv84_132 has 0 frames in his Queue on destruction
[2025-02-11 23:27:11.596] [5016] [HailoRT] [info] [queue_elements.cpp:68] [operator()] Thread in element PullQEl_nms2yolov5m_wo_spp_60p/conv74_132 is not running anymore, exiting..
[2025-02-11 23:27:11.596] [4954] [HailoRT] [info] [queue_elements.cpp:46] [~BaseQueueElement] Queue element PullQEl_nms2yolov5m_wo_spp_60p/conv74_132 has 0 frames in his Queue on destruction
[2025-02-11 23:27:11.596] [4954] [HailoRT] [info] [core_op.cpp:186] [deactivate] Deactivating took 0.006203 ms
[2025-02-11 23:27:11.596] [4954] [HailoRT] [info] [core_op.cpp:186] [deactivate] Deactivating took 0.016741 ms
[2025-02-11 23:35:30.298] [5085] [HailoRT] [info] [vdevice.cpp:523] [create] Creating vdevice with params: device_count: 1, scheduling_algorithm: NONE, multi_process_service: false
[2025-02-11 23:35:30.309] [5085] [HailoRT] [info] [device.cpp:49] [Device] OS Version: Linux 6.6.74+rpt-rpi-2712 #1 SMP PREEMPT Debian 1:6.6.74-1+rpt1 (2025-01-27) aarch64
[2025-02-11 23:35:30.311] [5085] [HailoRT] [info] [control.cpp:108] [control__parse_identify_results] firmware_version is: 4.20.0
[2025-02-11 23:35:30.311] [5085] [HailoRT] [info] [vdevice.cpp:651] [create] VDevice Infos: 0000:04:00.0
[2025-02-11 23:35:30.317] [5085] [HailoRT] [info] [internal_buffer_manager.cpp:204] [print_execution_results] Planned internal buffer memory: CMA memory 0, user memory 3689472. memory to edge layer usage factor is 0.7226958
[2025-02-11 23:35:30.317] [5085] [HailoRT] [info] [internal_buffer_manager.cpp:212] [print_execution_results] Default Internal buffer planner executed successfully
[2025-02-11 23:35:30.343] [5085] [HailoRT] [info] [device_internal.cpp:57] [configure] Configuring HEF took 31.549586 milliseconds
[2025-02-11 23:35:30.343] [5085] [HailoRT] [info] [vdevice.cpp:749] [configure] Configuring HEF on VDevice took 31.915808 milliseconds
[2025-02-11 23:35:30.344] [5085] [HailoRT] [info] [control.cpp:108] [control__parse_identify_results] firmware_version is: 4.20.0
[2025-02-11 23:35:30.346] [5085] [HailoRT] [info] [control.cpp:108] [control__parse_identify_results] firmware_version is: 4.20.0
[2025-02-11 23:35:30.346] [5085] [HailoRT] [info] [core_op.cpp:156] [activate] Activating yolov5m_wo_spp_60p took 0.620723 milliseconds. Note that the function is asynchronous and thus the network is not fully activated yet.
[2025-02-11 23:35:30.346] [5085] [HailoRT] [info] [core_op.cpp:156] [activate] Activating yolov5m_wo_spp_60p took 0.633574 milliseconds. Note that the function is asynchronous and thus the network is not fully activated yet.
[2025-02-11 23:35:30.364] [5085] [HailoRT] [info] [control.cpp:108] [control__parse_identify_results] firmware_version is: 4.20.0
[2025-02-11 23:35:30.366] [5085] [HailoRT] [info] [control.cpp:108] [control__parse_identify_results] firmware_version is: 4.20.0
[2025-02-11 23:35:45.366] [5106] [HailoRT] [info] [vdevice_native_stream.cpp:142] [write_impl] Failed write to stream yolov5m_wo_spp_60p/input_layer1 (device: 0000:04:00.0) with status=HAILO_STREAM_ABORT(63)
[2025-02-11 23:35:45.366] [5103] [HailoRT] [info] [vdevice_native_stream.cpp:331] [read_impl] Failed read from stream HAILO_STREAM_ABORT(63) (device: 0000:04:00.0)
[2025-02-11 23:35:45.366] [5104] [HailoRT] [info] [vdevice_native_stream.cpp:331] [read_impl] Failed read from stream HAILO_STREAM_ABORT(63) (device: 0000:04:00.0)
[2025-02-11 23:35:45.366] [5105] [HailoRT] [info] [vdevice_native_stream.cpp:331] [read_impl] Failed read from stream HAILO_STREAM_ABORT(63) (device: 0000:04:00.0)
[2025-02-11 23:35:45.373] [5085] [HailoRT] [info] [core_op.cpp:186] [deactivate] Deactivating took 0.006241 ms
[2025-02-11 23:35:45.373] [5085] [HailoRT] [info] [core_op.cpp:186] [deactivate] Deactivating took 0.024537 ms
[2025-02-11 23:35:45.621] [5085] [HailoRT] [info] [vdevice.cpp:523] [create] Creating vdevice with params: device_count: 1, scheduling_algorithm: NONE, multi_process_service: false
[2025-02-11 23:35:45.633] [5085] [HailoRT] [info] [device.cpp:49] [Device] OS Version: Linux 6.6.74+rpt-rpi-2712 #1 SMP PREEMPT Debian 1:6.6.74-1+rpt1 (2025-01-27) aarch64
[2025-02-11 23:35:45.634] [5085] [HailoRT] [info] [control.cpp:108] [control__parse_identify_results] firmware_version is: 4.20.0
[2025-02-11 23:35:45.634] [5085] [HailoRT] [info] [vdevice.cpp:651] [create] VDevice Infos: 0000:04:00.0
[2025-02-11 23:35:45.641] [5085] [HailoRT] [info] [internal_buffer_manager.cpp:204] [print_execution_results] Planned internal buffer memory: CMA memory 0, user memory 3689472. memory to edge layer usage factor is 0.7226958
[2025-02-11 23:35:45.641] [5085] [HailoRT] [info] [internal_buffer_manager.cpp:212] [print_execution_results] Default Internal buffer planner executed successfully
[2025-02-11 23:35:45.666] [5085] [HailoRT] [info] [device_internal.cpp:57] [configure] Configuring HEF took 31.507902 milliseconds
[2025-02-11 23:35:45.666] [5085] [HailoRT] [info] [vdevice.cpp:749] [configure] Configuring HEF on VDevice took 31.860272 milliseconds
[2025-02-11 23:35:45.668] [5085] [HailoRT] [info] [control.cpp:108] [control__parse_identify_results] firmware_version is: 4.20.0
[2025-02-11 23:35:45.669] [5085] [HailoRT] [info] [control.cpp:108] [control__parse_identify_results] firmware_version is: 4.20.0
[2025-02-11 23:35:45.670] [5085] [HailoRT] [info] [core_op.cpp:156] [activate] Activating yolov5m_wo_spp_60p took 0.627425 milliseconds. Note that the function is asynchronous and thus the network is not fully activated yet.
[2025-02-11 23:35:45.670] [5085] [HailoRT] [info] [core_op.cpp:156] [activate] Activating yolov5m_wo_spp_60p took 0.637759 milliseconds. Note that the function is asynchronous and thus the network is not fully activated yet.
[2025-02-11 23:35:45.688] [5085] [HailoRT] [info] [control.cpp:108] [control__parse_identify_results] firmware_version is: 4.20.0
[2025-02-11 23:35:45.689] [5085] [HailoRT] [info] [control.cpp:108] [control__parse_identify_results] firmware_version is: 4.20.0
[2025-02-11 23:35:45.689] [5085] [HailoRT] [info] [edge_elements.cpp:52] [create] Created (HwWriteEl3yolov5m_wo_spp_60p/input_layer1 | hw_frame_size: 1228800)
[2025-02-11 23:35:45.689] [5085] [HailoRT] [info] [queue_elements.cpp:284] [create] Created (PushQEl3yolov5m_wo_spp_60p/input_layer1 | timeout: 10s)
[2025-02-11 23:35:45.689] [5085] [HailoRT] [info] [filter_elements.cpp:101] [create] Created (PreInferEl3yolov5m_wo_spp_60p/input_layer1 | Reorder - src_order: NHWC, src_shape: (640, 640, 3), dst_order: NHCW, dst_shape: (640, 640, 3))
[2025-02-11 23:35:45.689] [5085] [HailoRT] [info] [vstream.cpp:754] [InputVStreamImpl] Creating yolov5m_wo_spp_60p/input_layer1...
[2025-02-11 23:35:45.689] [5085] [HailoRT] [info] [vstream_builder.cpp:102] [create_inputs] Input pipeline 'yolov5m_wo_spp_60p/input_layer1': (PreInferEl3yolov5m_wo_spp_60p/input_layer1 | Reorder - src_order: NHWC, src_shape: (640, 640, 3), dst_order: NHCW, dst_shape: (640, 640, 3)) >> (PushQEl3yolov5m_wo_spp_60p/input_layer1 | timeout: 10s) >> (HwWriteEl3yolov5m_wo_spp_60p/input_layer1 | hw_frame_size: 1228800) >> HW
[2025-02-11 23:35:45.689] [5085] [HailoRT] [info] [multi_io_elements.cpp:135] [create] Created (NmsPPMuxEl0YOLOv5-Post-Process | Op YOLOV5, Name: YOLOv5-Post-Process, Score threshold: 0.200, IoU threshold: 0.60, Classes: 80, Cross classes: false, NMS results order: BY_CLASS, Max bboxes per class: 80, Image height: 640, Image width: 640)
[2025-02-11 23:35:45.689] [5085] [HailoRT] [info] [edge_elements.cpp:287] [create] Created (HwReadEl2yolov5m_wo_spp_60p/conv74_132 | hw_frame_size: 1632000)
[2025-02-11 23:35:45.689] [5085] [HailoRT] [info] [queue_elements.cpp:657] [create] Created (PullQEl_nms2yolov5m_wo_spp_60p/conv74_132 | timeout: 10s)
[2025-02-11 23:35:45.689] [5085] [HailoRT] [info] [edge_elements.cpp:287] [create] Created (HwReadEl0yolov5m_wo_spp_60p/conv84_132 | hw_frame_size: 408000)
[2025-02-11 23:35:45.690] [5085] [HailoRT] [info] [queue_elements.cpp:657] [create] Created (PullQEl_nms0yolov5m_wo_spp_60p/conv84_132 | timeout: 10s)
[2025-02-11 23:35:45.690] [5085] [HailoRT] [info] [edge_elements.cpp:287] [create] Created (HwReadEl1yolov5m_wo_spp_60p/conv93_132 | hw_frame_size: 122400)
[2025-02-11 23:35:45.690] [5085] [HailoRT] [info] [queue_elements.cpp:657] [create] Created (PullQEl_nms1yolov5m_wo_spp_60p/conv93_132 | timeout: 10s)
[2025-02-11 23:35:45.690] [5085] [HailoRT] [info] [queue_elements.cpp:800] [create] Created (UserBufQEl_post_infer0yolov5m_wo_spp_60p/yolov5_nms_postprocess | timeout: 10s)
[2025-02-11 23:35:45.690] [5085] [HailoRT] [info] [vstream.cpp:1114] [OutputVStreamImpl] Creating yolov5m_wo_spp_60p/yolov5_nms_postprocess...
[2025-02-11 23:35:45.690] [5085] [HailoRT] [info] [vstream_builder.cpp:622] [create_output_post_process_nms] Output pipeline 'yolov5m_wo_spp_60p/yolov5_nms_postprocess': HW >> (HwReadEl2yolov5m_wo_spp_60p/conv74_132 | hw_frame_size: 1632000) >> (PullQEl_nms2yolov5m_wo_spp_60p/conv74_132) >> (HwReadEl0yolov5m_wo_spp_60p/conv84_132 | hw_frame_size: 408000) >> (PullQEl_nms0yolov5m_wo_spp_60p/conv84_132) >> (HwReadEl1yolov5m_wo_spp_60p/conv93_132 | hw_frame_size: 122400) >> (PullQEl_nms1yolov5m_wo_spp_60p/conv93_132) >> (NmsPPMuxEl0YOLOv5-Post-Process | Op YOLOV5, Name: YOLOv5-Post-Process, Score threshold: 0.200, IoU threshold: 0.60, Classes: 80, Cross classes: false, NMS results order: BY_CLASS, Max bboxes per class: 80, Image height: 640, Image width: 640) >> (UserBufQEl_post_infer0yolov5m_wo_spp_60p/yolov5_nms_postprocess | timeout: 10s)
[2025-02-11 23:36:00.690] [5122] [HailoRT] [info] [vdevice_native_stream.cpp:331] [read_impl] Failed read from stream HAILO_STREAM_ABORT(63) (device: 0000:04:00.0)
[2025-02-11 23:36:00.690] [5124] [HailoRT] [info] [vdevice_native_stream.cpp:331] [read_impl] Failed read from stream HAILO_STREAM_ABORT(63) (device: 0000:04:00.0)
[2025-02-11 23:36:00.690] [5124] [HailoRT] [info] [edge_elements.cpp:396] [run_pull] Reading from stream was aborted!
[2025-02-11 23:36:00.690] [5124] [HailoRT] [info] [queue_elements.cpp:738] [run_in_thread] run_pull of queue element PullQEl_nms1yolov5m_wo_spp_60p/conv93_132 was aborted!
[2025-02-11 23:36:00.690] [5121] [HailoRT] [info] [vdevice_native_stream.cpp:142] [write_impl] Failed write to stream yolov5m_wo_spp_60p/input_layer1 (device: 0000:04:00.0) with status=HAILO_STREAM_ABORT(63)
[2025-02-11 23:36:00.690] [5123] [HailoRT] [info] [vdevice_native_stream.cpp:331] [read_impl] Failed read from stream HAILO_STREAM_ABORT(63) (device: 0000:04:00.0)
[2025-02-11 23:36:00.690] [5121] [HailoRT] [info] [edge_elements.cpp:87] [run_push] Failed to send on input stream InputStream(index=3, name=yolov5m_wo_spp_60p/input_layer1) because stream was aborted
[2025-02-11 23:36:00.690] [5122] [HailoRT] [info] [edge_elements.cpp:396] [run_pull] Reading from stream was aborted!
[2025-02-11 23:36:00.690] [5123] [HailoRT] [info] [edge_elements.cpp:396] [run_pull] Reading from stream was aborted!
[2025-02-11 23:36:00.690] [5121] [HailoRT] [info] [queue_elements.cpp:401] [run_in_thread] run_push of PushQEl3yolov5m_wo_spp_60p/input_layer1 was aborted!
[2025-02-11 23:36:00.690] [5122] [HailoRT] [info] [queue_elements.cpp:738] [run_in_thread] run_pull of queue element PullQEl_nms2yolov5m_wo_spp_60p/conv74_132 was aborted!
[2025-02-11 23:36:00.690] [5123] [HailoRT] [info] [queue_elements.cpp:738] [run_in_thread] run_pull of queue element PullQEl_nms0yolov5m_wo_spp_60p/conv84_132 was aborted!
[2025-02-11 23:36:00.690] [5129] [HailoRT] [info] [vstream.cpp:774] [write] Sending to VStream was shutdown!
[2025-02-11 23:36:00.690] [5129] [HailoRT] [info] [vstream.cpp:778] [write] Sending to VStream was aborted!
[2025-02-11 23:36:00.690] [5128] [HailoRT] [info] [queue_elements.cpp:706] [run_pull] Shutdown event was signaled in dequeue of queue element PullQEl_nms2yolov5m_wo_spp_60p/conv74_132!
[2025-02-11 23:36:00.690] [5128] [HailoRT] [info] [vstream.cpp:1138] [read] Receiving to VStream was shutdown!
[2025-02-11 23:36:00.697] [5085] [HailoRT] [info] [queue_elements.cpp:360] [execute_deactivate] enqueue() in element PushQEl3yolov5m_wo_spp_60p/input_layer1 was aborted, got status = HAILO_SHUTDOWN_EVENT_SIGNALED(57)
[2025-02-11 23:36:00.697] [5121] [HailoRT] [info] [queue_elements.cpp:68] [operator()] Thread in element PushQEl3yolov5m_wo_spp_60p/input_layer1 is not running anymore, exiting..
[2025-02-11 23:36:00.697] [5085] [HailoRT] [info] [queue_elements.cpp:46] [~BaseQueueElement] Queue element PushQEl3yolov5m_wo_spp_60p/input_layer1 has 1 frames in his Queue on destruction
[2025-02-11 23:36:00.697] [5125] [HailoRT] [info] [queue_elements.cpp:68] [operator()] Thread in element UserBufQEl_post_infer0yolov5m_wo_spp_60p/yolov5_nms_postprocess is not running anymore, exiting..
[2025-02-11 23:36:00.697] [5085] [HailoRT] [info] [queue_elements.cpp:46] [~BaseQueueElement] Queue element UserBufQEl_post_infer0yolov5m_wo_spp_60p/yolov5_nms_postprocess has 0 frames in his Queue on destruction
[2025-02-11 23:36:00.697] [5124] [HailoRT] [info] [queue_elements.cpp:68] [operator()] Thread in element PullQEl_nms1yolov5m_wo_spp_60p/conv93_132 is not running anymore, exiting..
[2025-02-11 23:36:00.697] [5085] [HailoRT] [info] [queue_elements.cpp:46] [~BaseQueueElement] Queue element PullQEl_nms1yolov5m_wo_spp_60p/conv93_132 has 0 frames in his Queue on destruction
[2025-02-11 23:36:00.697] [5123] [HailoRT] [info] [queue_elements.cpp:68] [operator()] Thread in element PullQEl_nms0yolov5m_wo_spp_60p/conv84_132 is not running anymore, exiting..
[2025-02-11 23:36:00.697] [5085] [HailoRT] [info] [queue_elements.cpp:46] [~BaseQueueElement] Queue element PullQEl_nms0yolov5m_wo_spp_60p/conv84_132 has 0 frames in his Queue on destruction
[2025-02-11 23:36:00.697] [5122] [HailoRT] [info] [queue_elements.cpp:68] [operator()] Thread in element PullQEl_nms2yolov5m_wo_spp_60p/conv74_132 is not running anymore, exiting..
[2025-02-11 23:36:00.697] [5085] [HailoRT] [info] [queue_elements.cpp:46] [~BaseQueueElement] Queue element PullQEl_nms2yolov5m_wo_spp_60p/conv74_132 has 0 frames in his Queue on destruction
[2025-02-11 23:36:00.697] [5085] [HailoRT] [info] [core_op.cpp:186] [deactivate] Deactivating took 0.005722 ms
[2025-02-11 23:36:00.697] [5085] [HailoRT] [info] [core_op.cpp:186] [deactivate] Deactivating took 0.016426 ms
[2025-02-11 23:36:00.935] [5085] [HailoRT] [info] [vdevice.cpp:523] [create] Creating vdevice with params: device_count: 1, scheduling_algorithm: NONE, multi_process_service: false
[2025-02-11 23:36:00.945] [5085] [HailoRT] [info] [device.cpp:49] [Device] OS Version: Linux 6.6.74+rpt-rpi-2712 #1 SMP PREEMPT Debian 1:6.6.74-1+rpt1 (2025-01-27) aarch64
[2025-02-11 23:36:00.947] [5085] [HailoRT] [info] [control.cpp:108] [control__parse_identify_results] firmware_version is: 4.20.0
[2025-02-11 23:36:00.947] [5085] [HailoRT] [info] [vdevice.cpp:651] [create] VDevice Infos: 0000:04:00.0
[2025-02-11 23:36:00.953] [5085] [HailoRT] [info] [internal_buffer_manager.cpp:204] [print_execution_results] Planned internal buffer memory: CMA memory 0, user memory 3689472. memory to edge layer usage factor is 0.7226958
[2025-02-11 23:36:00.953] [5085] [HailoRT] [info] [internal_buffer_manager.cpp:212] [print_execution_results] Default Internal buffer planner executed successfully
[2025-02-11 23:36:00.978] [5085] [HailoRT] [info] [device_internal.cpp:57] [configure] Configuring HEF took 31.368827 milliseconds
[2025-02-11 23:36:00.978] [5085] [HailoRT] [info] [vdevice.cpp:749] [configure] Configuring HEF on VDevice took 31.715697 milliseconds
[2025-02-11 23:36:00.980] [5085] [HailoRT] [info] [control.cpp:108] [control__parse_identify_results] firmware_version is: 4.20.0
[2025-02-11 23:36:00.981] [5085] [HailoRT] [info] [control.cpp:108] [control__parse_identify_results] firmware_version is: 4.20.0
[2025-02-11 23:36:00.982] [5085] [HailoRT] [info] [core_op.cpp:156] [activate] Activating yolov5m_wo_spp_60p took 0.621574 milliseconds. Note that the function is asynchronous and thus the network is not fully activated yet.
[2025-02-11 23:36:00.982] [5085] [HailoRT] [info] [core_op.cpp:156] [activate] Activating yolov5m_wo_spp_60p took 0.632833 milliseconds. Note that the function is asynchronous and thus the network is not fully activated yet.
[2025-02-11 23:36:01.000] [5085] [HailoRT] [info] [control.cpp:108] [control__parse_identify_results] firmware_version is: 4.20.0
[2025-02-11 23:36:01.001] [5085] [HailoRT] [info] [control.cpp:108] [control__parse_identify_results] firmware_version is: 4.20.0
[2025-02-11 23:36:01.001] [5085] [HailoRT] [info] [edge_elements.cpp:52] [create] Created (HwWriteEl3yolov5m_wo_spp_60p/input_layer1 | hw_frame_size: 1228800)
[2025-02-11 23:36:01.001] [5085] [HailoRT] [info] [queue_elements.cpp:284] [create] Created (PushQEl3yolov5m_wo_spp_60p/input_layer1 | timeout: 10s)
[2025-02-11 23:36:01.001] [5085] [HailoRT] [info] [filter_elements.cpp:101] [create] Created (PreInferEl3yolov5m_wo_spp_60p/input_layer1 | Reorder - src_order: NHWC, src_shape: (640, 640, 3), dst_order: NHCW, dst_shape: (640, 640, 3))
[2025-02-11 23:36:01.001] [5085] [HailoRT] [info] [vstream.cpp:754] [InputVStreamImpl] Creating yolov5m_wo_spp_60p/input_layer1...
[2025-02-11 23:36:01.001] [5085] [HailoRT] [info] [vstream_builder.cpp:102] [create_inputs] Input pipeline 'yolov5m_wo_spp_60p/input_layer1': (PreInferEl3yolov5m_wo_spp_60p/input_layer1 | Reorder - src_order: NHWC, src_shape: (640, 640, 3), dst_order: NHCW, dst_shape: (640, 640, 3)) >> (PushQEl3yolov5m_wo_spp_60p/input_layer1 | timeout: 10s) >> (HwWriteEl3yolov5m_wo_spp_60p/input_layer1 | hw_frame_size: 1228800) >> HW
[2025-02-11 23:36:01.001] [5085] [HailoRT] [info] [multi_io_elements.cpp:135] [create] Created (NmsPPMuxEl0YOLOv5-Post-Process | Op YOLOV5, Name: YOLOv5-Post-Process, Score threshold: 0.200, IoU threshold: 0.60, Classes: 80, Cross classes: false, NMS results order: BY_CLASS, Max bboxes per class: 80, Image height: 640, Image width: 640)
[2025-02-11 23:36:01.001] [5085] [HailoRT] [info] [edge_elements.cpp:287] [create] Created (HwReadEl2yolov5m_wo_spp_60p/conv74_132 | hw_frame_size: 1632000)
[2025-02-11 23:36:01.002] [5085] [HailoRT] [info] [queue_elements.cpp:657] [create] Created (PullQEl_nms2yolov5m_wo_spp_60p/conv74_132 | timeout: 10s)
[2025-02-11 23:36:01.002] [5085] [HailoRT] [info] [edge_elements.cpp:287] [create] Created (HwReadEl0yolov5m_wo_spp_60p/conv84_132 | hw_frame_size: 408000)
[2025-02-11 23:36:01.002] [5085] [HailoRT] [info] [queue_elements.cpp:657] [create] Created (PullQEl_nms0yolov5m_wo_spp_60p/conv84_132 | timeout: 10s)
[2025-02-11 23:36:01.002] [5085] [HailoRT] [info] [edge_elements.cpp:287] [create] Created (HwReadEl1yolov5m_wo_spp_60p/conv93_132 | hw_frame_size: 122400)
[2025-02-11 23:36:01.002] [5085] [HailoRT] [info] [queue_elements.cpp:657] [create] Created (PullQEl_nms1yolov5m_wo_spp_60p/conv93_132 | timeout: 10s)
[2025-02-11 23:36:01.002] [5085] [HailoRT] [info] [queue_elements.cpp:800] [create] Created (UserBufQEl_post_infer0yolov5m_wo_spp_60p/yolov5_nms_postprocess | timeout: 10s)
[2025-02-11 23:36:01.002] [5085] [HailoRT] [info] [vstream.cpp:1114] [OutputVStreamImpl] Creating yolov5m_wo_spp_60p/yolov5_nms_postprocess...
[2025-02-11 23:36:01.002] [5085] [HailoRT] [info] [vstream_builder.cpp:622] [create_output_post_process_nms] Output pipeline 'yolov5m_wo_spp_60p/yolov5_nms_postprocess': HW >> (HwReadEl2yolov5m_wo_spp_60p/conv74_132 | hw_frame_size: 1632000) >> (PullQEl_nms2yolov5m_wo_spp_60p/conv74_132) >> (HwReadEl0yolov5m_wo_spp_60p/conv84_132 | hw_frame_size: 408000) >> (PullQEl_nms0yolov5m_wo_spp_60p/conv84_132) >> (HwReadEl1yolov5m_wo_spp_60p/conv93_132 | hw_frame_size: 122400) >> (PullQEl_nms1yolov5m_wo_spp_60p/conv93_132) >> (NmsPPMuxEl0YOLOv5-Post-Process | Op YOLOV5, Name: YOLOv5-Post-Process, Score threshold: 0.200, IoU threshold: 0.60, Classes: 80, Cross classes: false, NMS results order: BY_CLASS, Max bboxes per class: 80, Image height: 640, Image width: 640) >> (UserBufQEl_post_infer0yolov5m_wo_spp_60p/yolov5_nms_postprocess | timeout: 10s)
[2025-02-11 23:36:16.002] [5145] [HailoRT] [info] [vdevice_native_stream.cpp:331] [read_impl] Failed read from stream HAILO_STREAM_ABORT(63) (device: 0000:04:00.0)
[2025-02-11 23:36:16.002] [5146] [HailoRT] [info] [vdevice_native_stream.cpp:331] [read_impl] Failed read from stream HAILO_STREAM_ABORT(63) (device: 0000:04:00.0)
[2025-02-11 23:36:16.002] [5147] [HailoRT] [info] [vdevice_native_stream.cpp:331] [read_impl] Failed read from stream HAILO_STREAM_ABORT(63) (device: 0000:04:00.0)
[2025-02-11 23:36:16.002] [5146] [HailoRT] [info] [edge_elements.cpp:396] [run_pull] Reading from stream was aborted!
[2025-02-11 23:36:16.002] [5147] [HailoRT] [info] [edge_elements.cpp:396] [run_pull] Reading from stream was aborted!
[2025-02-11 23:36:16.002] [5145] [HailoRT] [info] [edge_elements.cpp:396] [run_pull] Reading from stream was aborted!
[2025-02-11 23:36:16.002] [5146] [HailoRT] [info] [queue_elements.cpp:738] [run_in_thread] run_pull of queue element PullQEl_nms0yolov5m_wo_spp_60p/conv84_132 was aborted!
[2025-02-11 23:36:16.002] [5147] [HailoRT] [info] [queue_elements.cpp:738] [run_in_thread] run_pull of queue element PullQEl_nms1yolov5m_wo_spp_60p/conv93_132 was aborted!
[2025-02-11 23:36:16.002] [5145] [HailoRT] [info] [queue_elements.cpp:738] [run_in_thread] run_pull of queue element PullQEl_nms2yolov5m_wo_spp_60p/conv74_132 was aborted!
[2025-02-11 23:36:16.002] [5151] [HailoRT] [info] [queue_elements.cpp:706] [run_pull] Shutdown event was signaled in dequeue of queue element PullQEl_nms2yolov5m_wo_spp_60p/conv74_132!
[2025-02-11 23:36:16.002] [5151] [HailoRT] [info] [vstream.cpp:1138] [read] Receiving to VStream was shutdown!
[2025-02-11 23:36:16.004] [5144] [HailoRT] [info] [vdevice_native_stream.cpp:142] [write_impl] Failed write to stream yolov5m_wo_spp_60p/input_layer1 (device: 0000:04:00.0) with status=HAILO_STREAM_ABORT(63)
[2025-02-11 23:36:16.004] [5144] [HailoRT] [info] [edge_elements.cpp:87] [run_push] Failed to send on input stream InputStream(index=3, name=yolov5m_wo_spp_60p/input_layer1) because stream was aborted
[2025-02-11 23:36:16.004] [5144] [HailoRT] [info] [queue_elements.cpp:401] [run_in_thread] run_push of PushQEl3yolov5m_wo_spp_60p/input_layer1 was aborted!
[2025-02-11 23:36:16.006] [5152] [HailoRT] [info] [queue_elements.cpp:319] [run_push] run_push of PushQEl3yolov5m_wo_spp_60p/input_layer1 was aborted!
[2025-02-11 23:36:16.006] [5152] [HailoRT] [info] [filter_elements.cpp:35] [run_push] run_push of PreInferEl3yolov5m_wo_spp_60p/input_layer1 was aborted!
[2025-02-11 23:36:16.006] [5152] [HailoRT] [info] [vstream.cpp:778] [write] Sending to VStream was aborted!
[2025-02-11 23:36:16.009] [5085] [HailoRT] [info] [queue_elements.cpp:360] [execute_deactivate] enqueue() in element PushQEl3yolov5m_wo_spp_60p/input_layer1 was aborted, got status = HAILO_SHUTDOWN_EVENT_SIGNALED(57)
[2025-02-11 23:36:16.009] [5144] [HailoRT] [info] [queue_elements.cpp:68] [operator()] Thread in element PushQEl3yolov5m_wo_spp_60p/input_layer1 is not running anymore, exiting..
[2025-02-11 23:36:16.009] [5085] [HailoRT] [info] [queue_elements.cpp:46] [~BaseQueueElement] Queue element PushQEl3yolov5m_wo_spp_60p/input_layer1 has 0 frames in his Queue on destruction
[2025-02-11 23:36:16.009] [5148] [HailoRT] [info] [queue_elements.cpp:68] [operator()] Thread in element UserBufQEl_post_infer0yolov5m_wo_spp_60p/yolov5_nms_postprocess is not running anymore, exiting..
[2025-02-11 23:36:16.009] [5085] [HailoRT] [info] [queue_elements.cpp:46] [~BaseQueueElement] Queue element UserBufQEl_post_infer0yolov5m_wo_spp_60p/yolov5_nms_postprocess has 0 frames in his Queue on destruction
[2025-02-11 23:36:16.009] [5147] [HailoRT] [info] [queue_elements.cpp:68] [operator()] Thread in element PullQEl_nms1yolov5m_wo_spp_60p/conv93_132 is not running anymore, exiting..
[2025-02-11 23:36:16.009] [5085] [HailoRT] [info] [queue_elements.cpp:46] [~BaseQueueElement] Queue element PullQEl_nms1yolov5m_wo_spp_60p/conv93_132 has 0 frames in his Queue on destruction
[2025-02-11 23:36:16.009] [5146] [HailoRT] [info] [queue_elements.cpp:68] [operator()] Thread in element PullQEl_nms0yolov5m_wo_spp_60p/conv84_132 is not running anymore, exiting..
[2025-02-11 23:36:16.009] [5085] [HailoRT] [info] [queue_elements.cpp:46] [~BaseQueueElement] Queue element PullQEl_nms0yolov5m_wo_spp_60p/conv84_132 has 0 frames in his Queue on destruction
[2025-02-11 23:36:16.009] [5145] [HailoRT] [info] [queue_elements.cpp:68] [operator()] Thread in element PullQEl_nms2yolov5m_wo_spp_60p/conv74_132 is not running anymore, exiting..
[2025-02-11 23:36:16.009] [5085] [HailoRT] [info] [queue_elements.cpp:46] [~BaseQueueElement] Queue element PullQEl_nms2yolov5m_wo_spp_60p/conv74_132 has 0 frames in his Queue on destruction
[2025-02-11 23:36:16.009] [5085] [HailoRT] [info] [core_op.cpp:186] [deactivate] Deactivating took 0.006444 ms
[2025-02-11 23:36:16.009] [5085] [HailoRT] [info] [core_op.cpp:186] [deactivate] Deactivating took 0.016944 ms
